0 info it worked if it ends with ok
1 verbose cli [ '/home/talla/.nvm/versions/node/v5.4.1/bin/node',
1 verbose cli   '/home/talla/.nvm/versions/node/v5.4.1/bin/npm',
1 verbose cli   'start' ]
2 info using npm@3.3.12
3 info using node@v5.4.1
4 verbose run-script [ 'prestart', 'start', 'poststart' ]
5 info lifecycle react-starterify@2.4.1~prestart: react-starterify@2.4.1
6 silly lifecycle react-starterify@2.4.1~prestart: no script for prestart, continuing
7 info lifecycle react-starterify@2.4.1~start: react-starterify@2.4.1
8 verbose lifecycle react-starterify@2.4.1~start: unsafe-perm in lifecycle true
9 verbose lifecycle react-starterify@2.4.1~start: PATH: /home/talla/.nvm/versions/node/v5.4.1/lib/node_modules/npm/bin/node-gyp-bin:/home/talla/projects/react-starterify/react-starterify-2.4.1/node_modules/.bin:/home/talla/.nvm/versions/node/v5.4.1/bin:/usr/local/sbin:/usr/local/bin:/usr/sbin:/usr/bin:/sbin:/bin:/usr/games:/usr/local/games
10 verbose lifecycle react-starterify@2.4.1~start: CWD: /home/talla/projects/react-starterify/react-starterify-2.4.1
11 silly lifecycle react-starterify@2.4.1~start: Args: [ '-c', 'npm run watch' ]
12 silly lifecycle react-starterify@2.4.1~start: Returned: code: 1  signal: null
13 info lifecycle react-starterify@2.4.1~start: Failed to exec start script
14 verbose stack Error: react-starterify@2.4.1 start: `npm run watch`
14 verbose stack Exit status 1
14 verbose stack     at EventEmitter.<anonymous> (/home/talla/.nvm/versions/node/v5.4.1/lib/node_modules/npm/lib/utils/lifecycle.js:232:16)
14 verbose stack     at emitTwo (events.js:87:13)
14 verbose stack     at EventEmitter.emit (events.js:172:7)
14 verbose stack     at ChildProcess.<anonymous> (/home/talla/.nvm/versions/node/v5.4.1/lib/node_modules/npm/lib/utils/spawn.js:24:14)
14 verbose stack     at emitTwo (events.js:87:13)
14 verbose stack     at ChildProcess.emit (events.js:172:7)
14 verbose stack     at maybeClose (internal/child_process.js:821:16)
14 verbose stack     at Process.ChildProcess._handle.onexit (internal/child_process.js:211:5)
15 verbose pkgid react-starterify@2.4.1
16 verbose cwd /home/talla/projects/react-starterify/react-starterify-2.4.1
17 error Linux 4.2.0-42-generic
18 error argv "/home/talla/.nvm/versions/node/v5.4.1/bin/node" "/home/talla/.nvm/versions/node/v5.4.1/bin/npm" "start"
19 error node v5.4.1
20 error npm  v3.3.12
21 error code ELIFECYCLE
22 error react-starterify@2.4.1 start: `npm run watch`
22 error Exit status 1
23 error Failed at the react-starterify@2.4.1 start script 'npm run watch'.
23 error Make sure you have the latest version of node.js and npm installed.
23 error If you do, this is most likely a problem with the react-starterify package,
23 error not with npm itself.
23 error Tell the author that this fails on your system:
23 error     npm run watch
23 error You can get their info via:
23 error     npm owner ls react-starterify
23 error There is likely additional logging output above.
24 verbose exit [ 1, true ]
